>> Writing PID to /home/tushar/myapp/tmp/thin.pid
>> Thin web server (v1.3.1 codename Triple Espresso)
>> Maximum connections set to 1024
>> Listening on 127.0.0.1:4567, CTRL+C to stop
>> Exiting!
/usr/lib/ruby/vendor_ruby/eventmachine.rb:573:in `start_tcp_server': no acceptor (port is in use or requires root privileges) (RuntimeError)
	from /usr/lib/ruby/vendor_ruby/eventmachine.rb:573:in `start_server'
	from /usr/lib/ruby/vendor_ruby/thin/backends/tcp_server.rb:16:in `connect'
	from /usr/lib/ruby/vendor_ruby/thin/backends/base.rb:53:in `block in start'
	from /usr/lib/ruby/vendor_ruby/eventmachine.rb:257:in `call'
	from /usr/lib/ruby/vendor_ruby/eventmachine.rb:257:in `run_machine'
	from /usr/lib/ruby/vendor_ruby/eventmachine.rb:257:in `run'
	from /usr/lib/ruby/vendor_ruby/thin/backends/base.rb:61:in `start'
	from /usr/lib/ruby/vendor_ruby/thin/server.rb:159:in `start'
	from /usr/lib/ruby/vendor_ruby/thin/controllers/controller.rb:86:in `start'
	from /usr/lib/ruby/vendor_ruby/thin/runner.rb:185:in `run_command'
	from /usr/lib/ruby/vendor_ruby/thin/runner.rb:151:in `run!'
	from /usr/bin/thin:6:in `<main>'
>> Writing PID to /home/tushar/myapp/tmp/thin.pid
>> Thin web server (v1.3.1 codename Triple Espresso)
>> Maximum connections set to 1024
>> Listening on 127.0.0.1:4567, CTRL+C to stop
>> Exiting!
/usr/lib/ruby/vendor_ruby/eventmachine.rb:573:in `start_tcp_server': no acceptor (port is in use or requires root privileges) (RuntimeError)
	from /usr/lib/ruby/vendor_ruby/eventmachine.rb:573:in `start_server'
	from /usr/lib/ruby/vendor_ruby/thin/backends/tcp_server.rb:16:in `connect'
	from /usr/lib/ruby/vendor_ruby/thin/backends/base.rb:53:in `block in start'
	from /usr/lib/ruby/vendor_ruby/eventmachine.rb:257:in `call'
	from /usr/lib/ruby/vendor_ruby/eventmachine.rb:257:in `run_machine'
	from /usr/lib/ruby/vendor_ruby/eventmachine.rb:257:in `run'
	from /usr/lib/ruby/vendor_ruby/thin/backends/base.rb:61:in `start'
	from /usr/lib/ruby/vendor_ruby/thin/server.rb:159:in `start'
	from /usr/lib/ruby/vendor_ruby/thin/controllers/controller.rb:86:in `start'
	from /usr/lib/ruby/vendor_ruby/thin/runner.rb:185:in `run_command'
	from /usr/lib/ruby/vendor_ruby/thin/runner.rb:151:in `run!'
	from /usr/bin/thin:6:in `<main>'
>> Writing PID to /home/tushar/myapp/tmp/thin.pid
>> Exiting!
/usr/lib/ruby/1.9.1/rubygems/custom_require.rb:36:in `require': cannot load such file -- lib/sinatra/lib/sinatra (LoadError)
	from /usr/lib/ruby/1.9.1/rubygems/custom_require.rb:36:in `require'
	from /home/tushar/myapp/thin/config.ru:1:in `block in <main>'
	from /usr/lib/ruby/vendor_ruby/rack/builder.rb:51:in `instance_eval'
	from /usr/lib/ruby/vendor_ruby/rack/builder.rb:51:in `initialize'
	from /home/tushar/myapp/thin/config.ru:1:in `new'
	from /home/tushar/myapp/thin/config.ru:1:in `<main>'
	from /usr/lib/ruby/vendor_ruby/rack/adapter/loader.rb:36:in `eval'
	from /usr/lib/ruby/vendor_ruby/rack/adapter/loader.rb:36:in `load'
	from /usr/lib/ruby/vendor_ruby/thin/controllers/controller.rb:181:in `load_rackup_config'
	from /usr/lib/ruby/vendor_ruby/thin/controllers/controller.rb:71:in `start'
	from /usr/lib/ruby/vendor_ruby/thin/runner.rb:185:in `run_command'
	from /usr/lib/ruby/vendor_ruby/thin/runner.rb:151:in `run!'
	from /usr/bin/thin:6:in `<main>'
>> Writing PID to /home/tushar/myapp/tmp/thin.pid
>> Exiting!
/usr/lib/ruby/1.9.1/rubygems/custom_require.rb:36:in `require': cannot load such file -- lib/sinatra/lib/sinatra (LoadError)
	from /usr/lib/ruby/1.9.1/rubygems/custom_require.rb:36:in `require'
	from /home/tushar/myapp/thin/config.ru:1:in `block in <main>'
	from /usr/lib/ruby/vendor_ruby/rack/builder.rb:51:in `instance_eval'
	from /usr/lib/ruby/vendor_ruby/rack/builder.rb:51:in `initialize'
	from /home/tushar/myapp/thin/config.ru:1:in `new'
	from /home/tushar/myapp/thin/config.ru:1:in `<main>'
	from /usr/lib/ruby/vendor_ruby/rack/adapter/loader.rb:36:in `eval'
	from /usr/lib/ruby/vendor_ruby/rack/adapter/loader.rb:36:in `load'
	from /usr/lib/ruby/vendor_ruby/thin/controllers/controller.rb:181:in `load_rackup_config'
	from /usr/lib/ruby/vendor_ruby/thin/controllers/controller.rb:71:in `start'
	from /usr/lib/ruby/vendor_ruby/thin/runner.rb:185:in `run_command'
	from /usr/lib/ruby/vendor_ruby/thin/runner.rb:151:in `run!'
	from /usr/bin/thin:6:in `<main>'
>> Writing PID to /home/tushar/myapp/tmp/thin.pid
>> Exiting!
/usr/lib/ruby/1.9.1/rubygems/custom_require.rb:36:in `require': cannot load such file -- lib/sinatra/lib/sinatra (LoadError)
	from /usr/lib/ruby/1.9.1/rubygems/custom_require.rb:36:in `require'
	from /home/tushar/myapp/thin/config.ru:1:in `block in <main>'
	from /usr/lib/ruby/vendor_ruby/rack/builder.rb:51:in `instance_eval'
	from /usr/lib/ruby/vendor_ruby/rack/builder.rb:51:in `initialize'
	from /home/tushar/myapp/thin/config.ru:1:in `new'
	from /home/tushar/myapp/thin/config.ru:1:in `<main>'
	from /usr/lib/ruby/vendor_ruby/rack/adapter/loader.rb:36:in `eval'
	from /usr/lib/ruby/vendor_ruby/rack/adapter/loader.rb:36:in `load'
	from /usr/lib/ruby/vendor_ruby/thin/controllers/controller.rb:181:in `load_rackup_config'
	from /usr/lib/ruby/vendor_ruby/thin/controllers/controller.rb:71:in `start'
	from /usr/lib/ruby/vendor_ruby/thin/runner.rb:185:in `run_command'
	from /usr/lib/ruby/vendor_ruby/thin/runner.rb:151:in `run!'
	from /usr/bin/thin:6:in `<main>'
>> Writing PID to /home/tushar/myapp/tmp/thin.pid
>> Exiting!
/usr/lib/ruby/1.9.1/rubygems/custom_require.rb:36:in `require': cannot load such file -- lib/sinatra/lib/sinatra (LoadError)
	from /usr/lib/ruby/1.9.1/rubygems/custom_require.rb:36:in `require'
	from /home/tushar/myapp/thin/config.ru:1:in `block in <main>'
	from /usr/lib/ruby/vendor_ruby/rack/builder.rb:51:in `instance_eval'
	from /usr/lib/ruby/vendor_ruby/rack/builder.rb:51:in `initialize'
	from /home/tushar/myapp/thin/config.ru:1:in `new'
	from /home/tushar/myapp/thin/config.ru:1:in `<main>'
	from /usr/lib/ruby/vendor_ruby/rack/adapter/loader.rb:36:in `eval'
	from /usr/lib/ruby/vendor_ruby/rack/adapter/loader.rb:36:in `load'
	from /usr/lib/ruby/vendor_ruby/thin/controllers/controller.rb:181:in `load_rackup_config'
	from /usr/lib/ruby/vendor_ruby/thin/controllers/controller.rb:71:in `start'
	from /usr/lib/ruby/vendor_ruby/thin/runner.rb:185:in `run_command'
	from /usr/lib/ruby/vendor_ruby/thin/runner.rb:151:in `run!'
	from /usr/bin/thin:6:in `<main>'
>> Writing PID to /home/tushar/myapp/tmp/thin.pid
>> Exiting!
/usr/lib/ruby/1.9.1/rubygems/custom_require.rb:36:in `require': cannot load such file -- lib/sinatra/lib/sinatra (LoadError)
	from /usr/lib/ruby/1.9.1/rubygems/custom_require.rb:36:in `require'
	from /home/tushar/myapp/thin/config.ru:1:in `block in <main>'
	from /usr/lib/ruby/vendor_ruby/rack/builder.rb:51:in `instance_eval'
	from /usr/lib/ruby/vendor_ruby/rack/builder.rb:51:in `initialize'
	from /home/tushar/myapp/thin/config.ru:1:in `new'
	from /home/tushar/myapp/thin/config.ru:1:in `<main>'
	from /usr/lib/ruby/vendor_ruby/rack/adapter/loader.rb:36:in `eval'
	from /usr/lib/ruby/vendor_ruby/rack/adapter/loader.rb:36:in `load'
	from /usr/lib/ruby/vendor_ruby/thin/controllers/controller.rb:181:in `load_rackup_config'
	from /usr/lib/ruby/vendor_ruby/thin/controllers/controller.rb:71:in `start'
	from /usr/lib/ruby/vendor_ruby/thin/runner.rb:185:in `run_command'
	from /usr/lib/ruby/vendor_ruby/thin/runner.rb:151:in `run!'
	from /usr/bin/thin:6:in `<main>'
>> Writing PID to /home/tushar/myapp/tmp/thin.pid
>> Exiting!
/usr/lib/ruby/1.9.1/rubygems/custom_require.rb:36:in `require': cannot load such file -- lib/sinatra/lib/sinatra (LoadError)
	from /usr/lib/ruby/1.9.1/rubygems/custom_require.rb:36:in `require'
	from /home/tushar/myapp/thin/config.ru:1:in `block in <main>'
	from /usr/lib/ruby/vendor_ruby/rack/builder.rb:51:in `instance_eval'
	from /usr/lib/ruby/vendor_ruby/rack/builder.rb:51:in `initialize'
	from /home/tushar/myapp/thin/config.ru:1:in `new'
	from /home/tushar/myapp/thin/config.ru:1:in `<main>'
	from /usr/lib/ruby/vendor_ruby/rack/adapter/loader.rb:36:in `eval'
	from /usr/lib/ruby/vendor_ruby/rack/adapter/loader.rb:36:in `load'
	from /usr/lib/ruby/vendor_ruby/thin/controllers/controller.rb:181:in `load_rackup_config'
	from /usr/lib/ruby/vendor_ruby/thin/controllers/controller.rb:71:in `start'
	from /usr/lib/ruby/vendor_ruby/thin/runner.rb:185:in `run_command'
	from /usr/lib/ruby/vendor_ruby/thin/runner.rb:151:in `run!'
	from /usr/bin/thin:6:in `<main>'
>> Writing PID to /home/tushar/myapp/tmp/thin.pid
>> Exiting!
/usr/lib/ruby/1.9.1/rubygems/custom_require.rb:36:in `require': cannot load such file -- lib/sinatra/lib/sinatra (LoadError)
	from /usr/lib/ruby/1.9.1/rubygems/custom_require.rb:36:in `require'
	from /home/tushar/myapp/thin/config.ru:1:in `block in <main>'
	from /usr/lib/ruby/vendor_ruby/rack/builder.rb:51:in `instance_eval'
	from /usr/lib/ruby/vendor_ruby/rack/builder.rb:51:in `initialize'
	from /home/tushar/myapp/thin/config.ru:1:in `new'
	from /home/tushar/myapp/thin/config.ru:1:in `<main>'
	from /usr/lib/ruby/vendor_ruby/rack/adapter/loader.rb:36:in `eval'
	from /usr/lib/ruby/vendor_ruby/rack/adapter/loader.rb:36:in `load'
	from /usr/lib/ruby/vendor_ruby/thin/controllers/controller.rb:181:in `load_rackup_config'
	from /usr/lib/ruby/vendor_ruby/thin/controllers/controller.rb:71:in `start'
	from /usr/lib/ruby/vendor_ruby/thin/runner.rb:185:in `run_command'
	from /usr/lib/ruby/vendor_ruby/thin/runner.rb:151:in `run!'
	from /usr/bin/thin:6:in `<main>'
>> Writing PID to /home/tushar/myapp/tmp/thin.pid
>> Exiting!
/usr/lib/ruby/1.9.1/rubygems/custom_require.rb:36:in `require': cannot load such file -- lib/sinatra/lib/sinatra (LoadError)
	from /usr/lib/ruby/1.9.1/rubygems/custom_require.rb:36:in `require'
	from /home/tushar/myapp/thin/config.ru:1:in `block in <main>'
	from /usr/lib/ruby/vendor_ruby/rack/builder.rb:51:in `instance_eval'
	from /usr/lib/ruby/vendor_ruby/rack/builder.rb:51:in `initialize'
	from /home/tushar/myapp/thin/config.ru:1:in `new'
	from /home/tushar/myapp/thin/config.ru:1:in `<main>'
	from /usr/lib/ruby/vendor_ruby/rack/adapter/loader.rb:36:in `eval'
	from /usr/lib/ruby/vendor_ruby/rack/adapter/loader.rb:36:in `load'
	from /usr/lib/ruby/vendor_ruby/thin/controllers/controller.rb:181:in `load_rackup_config'
	from /usr/lib/ruby/vendor_ruby/thin/controllers/controller.rb:71:in `start'
	from /usr/lib/ruby/vendor_ruby/thin/runner.rb:185:in `run_command'
	from /usr/lib/ruby/vendor_ruby/thin/runner.rb:151:in `run!'
	from /usr/bin/thin:6:in `<main>'
>> Writing PID to /home/tushar/myapp/tmp/thin.pid
>> Exiting!
/usr/lib/ruby/1.9.1/rubygems/custom_require.rb:36:in `require': cannot load such file -- lib/sinatra/lib/sinatra (LoadError)
	from /usr/lib/ruby/1.9.1/rubygems/custom_require.rb:36:in `require'
	from /home/tushar/myapp/thin/config.ru:1:in `block in <main>'
	from /usr/lib/ruby/vendor_ruby/rack/builder.rb:51:in `instance_eval'
	from /usr/lib/ruby/vendor_ruby/rack/builder.rb:51:in `initialize'
	from /home/tushar/myapp/thin/config.ru:1:in `new'
	from /home/tushar/myapp/thin/config.ru:1:in `<main>'
	from /usr/lib/ruby/vendor_ruby/rack/adapter/loader.rb:36:in `eval'
	from /usr/lib/ruby/vendor_ruby/rack/adapter/loader.rb:36:in `load'
	from /usr/lib/ruby/vendor_ruby/thin/controllers/controller.rb:181:in `load_rackup_config'
	from /usr/lib/ruby/vendor_ruby/thin/controllers/controller.rb:71:in `start'
	from /usr/lib/ruby/vendor_ruby/thin/runner.rb:185:in `run_command'
	from /usr/lib/ruby/vendor_ruby/thin/runner.rb:151:in `run!'
	from /usr/bin/thin:6:in `<main>'
>> Writing PID to /home/tushar/myapp/tmp/thin.pid
>> Exiting!
/usr/lib/ruby/1.9.1/rubygems/custom_require.rb:36:in `require': cannot load such file -- lib/sinatra/lib/sinatra (LoadError)
	from /usr/lib/ruby/1.9.1/rubygems/custom_require.rb:36:in `require'
	from /home/tushar/myapp/thin/config.ru:1:in `block in <main>'
	from /usr/lib/ruby/vendor_ruby/rack/builder.rb:51:in `instance_eval'
	from /usr/lib/ruby/vendor_ruby/rack/builder.rb:51:in `initialize'
	from /home/tushar/myapp/thin/config.ru:1:in `new'
	from /home/tushar/myapp/thin/config.ru:1:in `<main>'
	from /usr/lib/ruby/vendor_ruby/rack/adapter/loader.rb:36:in `eval'
	from /usr/lib/ruby/vendor_ruby/rack/adapter/loader.rb:36:in `load'
	from /usr/lib/ruby/vendor_ruby/thin/controllers/controller.rb:181:in `load_rackup_config'
	from /usr/lib/ruby/vendor_ruby/thin/controllers/controller.rb:71:in `start'
	from /usr/lib/ruby/vendor_ruby/thin/runner.rb:185:in `run_command'
	from /usr/lib/ruby/vendor_ruby/thin/runner.rb:151:in `run!'
	from /usr/bin/thin:6:in `<main>'
>> Writing PID to /home/tushar/myapp/tmp/thin.pid
>> Exiting!
/usr/lib/ruby/1.9.1/rubygems/custom_require.rb:36:in `require': cannot load such file -- lib/sinatra/lib/sinatra (LoadError)
	from /usr/lib/ruby/1.9.1/rubygems/custom_require.rb:36:in `require'
	from /home/tushar/myapp/thin/config.ru:1:in `block in <main>'
	from /usr/lib/ruby/vendor_ruby/rack/builder.rb:51:in `instance_eval'
	from /usr/lib/ruby/vendor_ruby/rack/builder.rb:51:in `initialize'
	from /home/tushar/myapp/thin/config.ru:1:in `new'
	from /home/tushar/myapp/thin/config.ru:1:in `<main>'
	from /usr/lib/ruby/vendor_ruby/rack/adapter/loader.rb:36:in `eval'
	from /usr/lib/ruby/vendor_ruby/rack/adapter/loader.rb:36:in `load'
	from /usr/lib/ruby/vendor_ruby/thin/controllers/controller.rb:181:in `load_rackup_config'
	from /usr/lib/ruby/vendor_ruby/thin/controllers/controller.rb:71:in `start'
	from /usr/lib/ruby/vendor_ruby/thin/runner.rb:185:in `run_command'
	from /usr/lib/ruby/vendor_ruby/thin/runner.rb:151:in `run!'
	from /usr/bin/thin:6:in `<main>'
>> Writing PID to /home/tushar/myapp/tmp/thin.pid
>> Exiting!
/usr/lib/ruby/1.9.1/rubygems/custom_require.rb:36:in `require': cannot load such file -- lib/sinatra/lib/sinatra (LoadError)
	from /usr/lib/ruby/1.9.1/rubygems/custom_require.rb:36:in `require'
	from /home/tushar/myapp/thin/config.ru:1:in `block in <main>'
	from /usr/lib/ruby/vendor_ruby/rack/builder.rb:51:in `instance_eval'
	from /usr/lib/ruby/vendor_ruby/rack/builder.rb:51:in `initialize'
	from /home/tushar/myapp/thin/config.ru:1:in `new'
	from /home/tushar/myapp/thin/config.ru:1:in `<main>'
	from /usr/lib/ruby/vendor_ruby/rack/adapter/loader.rb:36:in `eval'
	from /usr/lib/ruby/vendor_ruby/rack/adapter/loader.rb:36:in `load'
	from /usr/lib/ruby/vendor_ruby/thin/controllers/controller.rb:181:in `load_rackup_config'
	from /usr/lib/ruby/vendor_ruby/thin/controllers/controller.rb:71:in `start'
	from /usr/lib/ruby/vendor_ruby/thin/runner.rb:185:in `run_command'
	from /usr/lib/ruby/vendor_ruby/thin/runner.rb:151:in `run!'
	from /usr/bin/thin:6:in `<main>'
>> Writing PID to /home/tushar/myapp/tmp/thin.pid
>> Exiting!
/usr/lib/ruby/1.9.1/rubygems/custom_require.rb:36:in `require': cannot load such file -- lib/sinatra/lib/sinatra (LoadError)
	from /usr/lib/ruby/1.9.1/rubygems/custom_require.rb:36:in `require'
	from /home/tushar/myapp/thin/config.ru:1:in `block in <main>'
	from /usr/lib/ruby/vendor_ruby/rack/builder.rb:51:in `instance_eval'
	from /usr/lib/ruby/vendor_ruby/rack/builder.rb:51:in `initialize'
	from /home/tushar/myapp/thin/config.ru:1:in `new'
	from /home/tushar/myapp/thin/config.ru:1:in `<main>'
	from /usr/lib/ruby/vendor_ruby/rack/adapter/loader.rb:36:in `eval'
	from /usr/lib/ruby/vendor_ruby/rack/adapter/loader.rb:36:in `load'
	from /usr/lib/ruby/vendor_ruby/thin/controllers/controller.rb:181:in `load_rackup_config'
	from /usr/lib/ruby/vendor_ruby/thin/controllers/controller.rb:71:in `start'
	from /usr/lib/ruby/vendor_ruby/thin/runner.rb:185:in `run_command'
	from /usr/lib/ruby/vendor_ruby/thin/runner.rb:151:in `run!'
	from /usr/bin/thin:6:in `<main>'
>> Writing PID to /home/tushar/myapp/tmp/thin.pid
>> Exiting!
/usr/lib/ruby/1.9.1/rubygems/custom_require.rb:36:in `require': cannot load such file -- lib/sinatra/lib/sinatra (LoadError)
	from /usr/lib/ruby/1.9.1/rubygems/custom_require.rb:36:in `require'
	from /home/tushar/myapp/thin/config.ru:1:in `block in <main>'
	from /usr/lib/ruby/vendor_ruby/rack/builder.rb:51:in `instance_eval'
	from /usr/lib/ruby/vendor_ruby/rack/builder.rb:51:in `initialize'
	from /home/tushar/myapp/thin/config.ru:1:in `new'
	from /home/tushar/myapp/thin/config.ru:1:in `<main>'
	from /usr/lib/ruby/vendor_ruby/rack/adapter/loader.rb:36:in `eval'
	from /usr/lib/ruby/vendor_ruby/rack/adapter/loader.rb:36:in `load'
	from /usr/lib/ruby/vendor_ruby/thin/controllers/controller.rb:181:in `load_rackup_config'
	from /usr/lib/ruby/vendor_ruby/thin/controllers/controller.rb:71:in `start'
	from /usr/lib/ruby/vendor_ruby/thin/runner.rb:185:in `run_command'
	from /usr/lib/ruby/vendor_ruby/thin/runner.rb:151:in `run!'
	from /usr/bin/thin:6:in `<main>'
>> Writing PID to /home/tushar/myapp/tmp/thin.pid
>> Exiting!
/usr/lib/ruby/1.9.1/rubygems/custom_require.rb:36:in `require': cannot load such file -- lib/sinatra/lib/sinatra (LoadError)
	from /usr/lib/ruby/1.9.1/rubygems/custom_require.rb:36:in `require'
	from /home/tushar/myapp/thin/config.ru:1:in `block in <main>'
	from /usr/lib/ruby/vendor_ruby/rack/builder.rb:51:in `instance_eval'
	from /usr/lib/ruby/vendor_ruby/rack/builder.rb:51:in `initialize'
	from /home/tushar/myapp/thin/config.ru:1:in `new'
	from /home/tushar/myapp/thin/config.ru:1:in `<main>'
	from /usr/lib/ruby/vendor_ruby/rack/adapter/loader.rb:36:in `eval'
	from /usr/lib/ruby/vendor_ruby/rack/adapter/loader.rb:36:in `load'
	from /usr/lib/ruby/vendor_ruby/thin/controllers/controller.rb:181:in `load_rackup_config'
	from /usr/lib/ruby/vendor_ruby/thin/controllers/controller.rb:71:in `start'
	from /usr/lib/ruby/vendor_ruby/thin/runner.rb:185:in `run_command'
	from /usr/lib/ruby/vendor_ruby/thin/runner.rb:151:in `run!'
	from /usr/bin/thin:6:in `<main>'
>> Writing PID to /home/tushar/myapp/tmp/thin.pid
>> Exiting!
/usr/lib/ruby/1.9.1/rubygems/custom_require.rb:36:in `require': cannot load such file -- lib/sinatra/lib/sinatra (LoadError)
	from /usr/lib/ruby/1.9.1/rubygems/custom_require.rb:36:in `require'
	from /home/tushar/myapp/thin/config.ru:1:in `block in <main>'
	from /usr/lib/ruby/vendor_ruby/rack/builder.rb:51:in `instance_eval'
	from /usr/lib/ruby/vendor_ruby/rack/builder.rb:51:in `initialize'
	from /home/tushar/myapp/thin/config.ru:1:in `new'
	from /home/tushar/myapp/thin/config.ru:1:in `<main>'
	from /usr/lib/ruby/vendor_ruby/rack/adapter/loader.rb:36:in `eval'
	from /usr/lib/ruby/vendor_ruby/rack/adapter/loader.rb:36:in `load'
	from /usr/lib/ruby/vendor_ruby/thin/controllers/controller.rb:181:in `load_rackup_config'
	from /usr/lib/ruby/vendor_ruby/thin/controllers/controller.rb:71:in `start'
	from /usr/lib/ruby/vendor_ruby/thin/runner.rb:185:in `run_command'
	from /usr/lib/ruby/vendor_ruby/thin/runner.rb:151:in `run!'
	from /usr/bin/thin:6:in `<main>'
>> Writing PID to /home/tushar/myapp/tmp/thin.pid
>> Exiting!
/usr/lib/ruby/1.9.1/rubygems/custom_require.rb:36:in `require': cannot load such file -- lib/sinatra/lib/sinatra (LoadError)
	from /usr/lib/ruby/1.9.1/rubygems/custom_require.rb:36:in `require'
	from /home/tushar/myapp/thin/config.ru:1:in `block in <main>'
	from /usr/lib/ruby/vendor_ruby/rack/builder.rb:51:in `instance_eval'
	from /usr/lib/ruby/vendor_ruby/rack/builder.rb:51:in `initialize'
	from /home/tushar/myapp/thin/config.ru:1:in `new'
	from /home/tushar/myapp/thin/config.ru:1:in `<main>'
	from /usr/lib/ruby/vendor_ruby/rack/adapter/loader.rb:36:in `eval'
	from /usr/lib/ruby/vendor_ruby/rack/adapter/loader.rb:36:in `load'
	from /usr/lib/ruby/vendor_ruby/thin/controllers/controller.rb:181:in `load_rackup_config'
	from /usr/lib/ruby/vendor_ruby/thin/controllers/controller.rb:71:in `start'
	from /usr/lib/ruby/vendor_ruby/thin/runner.rb:185:in `run_command'
	from /usr/lib/ruby/vendor_ruby/thin/runner.rb:151:in `run!'
	from /usr/bin/thin:6:in `<main>'
>> Writing PID to /home/tushar/myapp/tmp/thin.pid
>> Exiting!
/usr/lib/ruby/1.9.1/rubygems/custom_require.rb:36:in `require': cannot load such file -- lib/sinatra/lib/sinatra (LoadError)
	from /usr/lib/ruby/1.9.1/rubygems/custom_require.rb:36:in `require'
	from /home/tushar/myapp/thin/config.ru:1:in `block in <main>'
	from /usr/lib/ruby/vendor_ruby/rack/builder.rb:51:in `instance_eval'
	from /usr/lib/ruby/vendor_ruby/rack/builder.rb:51:in `initialize'
	from /home/tushar/myapp/thin/config.ru:1:in `new'
	from /home/tushar/myapp/thin/config.ru:1:in `<main>'
	from /usr/lib/ruby/vendor_ruby/rack/adapter/loader.rb:36:in `eval'
	from /usr/lib/ruby/vendor_ruby/rack/adapter/loader.rb:36:in `load'
	from /usr/lib/ruby/vendor_ruby/thin/controllers/controller.rb:181:in `load_rackup_config'
	from /usr/lib/ruby/vendor_ruby/thin/controllers/controller.rb:71:in `start'
	from /usr/lib/ruby/vendor_ruby/thin/runner.rb:185:in `run_command'
	from /usr/lib/ruby/vendor_ruby/thin/runner.rb:151:in `run!'
	from /usr/bin/thin:6:in `<main>'
